<?xml version="1.0" encoding="UTF-8"?>
<!-- Generated by org.testng.reporters.JUnitXMLReporter -->
<testsuite ignored="0" hostname="Desktop-Osama" failures="0" tests="1" name="SubscriptionHappyScenarioTest" time="4.181" errors="0" timestamp="2025-05-12T00:54:14 EEST">
  <testcase classname="tests.Subscribtion_happySenario" name="@BeforeClass setUp" time="0.03">
    <failure type="java.lang.NullPointerException" message="Cannot invoke &amp;quot;org.openqa.selenium.support.ui.WebDriverWait.until(java.util.function.Function)&amp;quot; because &amp;quot;this.wait&amp;quot; is null">
      <![CDATA[java.lang.NullPointerException: Cannot invoke "org.openqa.selenium.support.ui.WebDriverWait.until(java.util.function.Function)" because "this.wait" is null
at pages.CartPage.<init>(CartPage.java:30)
at tests.Subscribtion_happySenario.setUp(Subscribtion_happySenario.java:17)
at java.base/java.util.ArrayList.forEach(ArrayList.java:1597)
... Removed 23 stack frames]]>
    </failure>
  </testcase> <!-- @BeforeClass setUp -->
  <testcase classname="tests.TestBase" name="@AfterTest closeBrowser" time="0.0">
    <skipped/>
  </testcase> <!-- @AfterTest closeBrowser -->
  <testcase classname="tests.Subscribtion_happySenario" name="subscribtion_mail" time="0.001">
    <skipped/>
  </testcase> <!-- subscribtion_mail -->
</testsuite> <!-- SubscriptionHappyScenarioTest -->
