<?xml version="1.0" encoding="UTF-8"?>
<testng-results ignored="0" total="0" passed="0" failed="0" skipped="0">
  <reporter-output>
  </reporter-output>
  <suite started-at="2025-05-13T02:48:51 EEST" name="Surefire suite" finished-at="2025-05-13T02:48:57 EEST" duration-ms="6607">
    <groups>
    </groups>
    <test started-at="2025-05-13T02:48:51 EEST" name="Surefire test" finished-at="2025-05-13T02:48:57 EEST" duration-ms="6607">
      <class name="tests.TestBase">
        <test-method is-config="true" signature="openBrowser()[pri:0, instance:tests.TestBase@49b0b76]" started-at="2025-05-13T02:48:51 EEST" name="openBrowser" finished-at="2025-05-13T02:48:57 EEST" duration-ms="6413" status="PASS">
          <reporter-output>
          </reporter-output>
        </test-method> <!-- openBrowser -->
        <test-method is-config="true" signature="closeBrowser()[pri:0, instance:tests.TestBase@49b0b76]" started-at="2025-05-13T02:48:57 EEST" name="closeBrowser" finished-at="2025-05-13T02:48:57 EEST" duration-ms="181" status="PASS">
          <reporter-output>
          </reporter-output>
        </test-method> <!-- closeBrowser -->
      </class> <!-- tests.TestBase -->
    </test> <!-- Surefire test -->
  </suite> <!-- Surefire suite -->
</testng-results>
