<?xml version="1.0" encoding="UTF-8"?>
<testng-results ignored="0" total="1" passed="1" failed="0" skipped="0">
  <reporter-output>
  </reporter-output>
  <suite started-at="2025-05-13T22:25:30 EEST" name="Default suite" finished-at="2025-05-13T22:26:07 EEST" duration-ms="37325">
    <groups>
    </groups>
    <test started-at="2025-05-13T22:25:30 EEST" name="Default test" finished-at="2025-05-13T22:26:07 EEST" duration-ms="37325">
      <class name="tests.LoginBeforeChekout">
        <test-method is-config="true" signature="openBrowser()[pri:0, instance:tests.LoginBeforeChekout@610f7aa]" started-at="2025-05-13T22:25:30 EEST" name="openBrowser" finished-at="2025-05-13T22:25:36 EEST" duration-ms="6433" status="PASS">
          <reporter-output>
          </reporter-output>
        </test-method> <!-- openBrowser -->
        <test-method is-config="true" signature="beforeClass()[pri:0, instance:tests.LoginBeforeChekout@610f7aa]" started-at="2025-05-13T22:25:36 EEST" name="beforeClass" finished-at="2025-05-13T22:25:36 EEST" duration-ms="83" status="PASS">
          <reporter-output>
          </reporter-output>
        </test-method> <!-- beforeClass -->
        <test-method signature="placeOrder()[pri:0, instance:tests.LoginBeforeChekout@610f7aa]" started-at="2025-05-13T22:25:36 EEST" name="placeOrder" finished-at="2025-05-13T22:26:06 EEST" duration-ms="30270" status="PASS">
          <reporter-output>
          </reporter-output>
        </test-method> <!-- placeOrder -->
        <test-method is-config="true" signature="closeBrowser()[pri:0, instance:tests.LoginBeforeChekout@610f7aa]" started-at="2025-05-13T22:26:06 EEST" name="closeBrowser" finished-at="2025-05-13T22:26:07 EEST" duration-ms="460" status="PASS">
          <reporter-output>
          </reporter-output>
        </test-method> <!-- closeBrowser -->
      </class> <!-- tests.LoginBeforeChekout -->
    </test> <!-- Default test -->
  </suite> <!-- Default suite -->
</testng-results>
